<?xml version="1.0" encoding="UTF-8"?>
<!-- Generated by org.testng.reporters.JUnitReportReporter -->
<testsuite skipped="0" hostname="HMECL001767" name="myfirsttestpackeage.MyFirstTestNGFile" tests="1" failures="0" timestamp="13 Apr 2018 11:47:21 GMT" time="0.231" errors="1">
  <testcase name="TC01_Verify_Login_Data" time="0.231" classname="myfirsttestpackeage.MyFirstTestNGFile">
    <error type="org.testng.internal.reflect.MethodMatcherException" message="
Data provider mismatch
Method: TC01_Verify_Login_Data([Parameter{index=0, type=java.lang.String, declaredAnnotations=[]}, Parameter{index=1, type=java.lang.String, declaredAnnotations=[]}, Parameter{index=2, type=java.lang.String, declaredAnnotations=[]}])
Arguments: [(java.lang.String) aaa,(java.lang.String) TRTRT123,(java.lang.String) row 1 or column 2 does not exist in xls,(java.lang.String) Security Ans1,(java.lang.String) row 1 or column 4 does not exist in xls,(java.lang.String) F Name1,(java.lang.String) M Name1,(java.lang.String) L Name1,(java.lang.String) row 1 or column 8 does not exist in xls,(java.lang.String) row 1 or column 9 does not exist in xls,(java.lang.String) 25/03/1998,(java.lang.String) row 1 or column 11 does not exist in xls,(java.lang.String) 892484YUT62,(java.lang.String) AABB12345,(java.lang.String) row 1 or column 14 does not exist in xls,(java.lang.String) wuifuiwf@gmail.com,(java.lang.String) row 1 or column 16 does not exist in xls,(java.lang.String) row 1 or column 17 does not exist in xls,(java.lang.String) India,(java.lang.String) Addr1,(java.lang.String) Street1,(java.lang.String) Area1,(java.lang.String) row 1 or column 22 does not exist in xls,(java.lang.String) StateOtr,(java.lang.String) CityOtr,(java.lang.String) PofficeOthr,(java.lang.String) row 1 or column 26 does not exist in xls,(java.lang.String) row 1 or column 27 does not exist in xls,(java.lang.String) A1,(java.lang.String) A2,(java.lang.String) A3,(java.lang.String) Austria,(java.lang.String) row 1 or column 32 does not exist in xls,(java.lang.String) StA,(java.lang.String) CtA,(java.lang.String) POA,(java.lang.String) row 1 or column 36 does not exist in xls,(java.lang.String) row 1 or column 37 does not exist in xls,(java.lang.String) row 1 or column 38 does not exist in xls,(java.lang.String) row 1 or column 39 does not exist in xls]">
      <![CDATA[org.testng.internal.reflect.MethodMatcherException: 
Data provider mismatch
Method: TC01_Verify_Login_Data([Parameter{index=0, type=java.lang.String, declaredAnnotations=[]}, Parameter{index=1, type=java.lang.String, declaredAnnotations=[]}, Parameter{index=2, type=java.lang.String, declaredAnnotations=[]}])
Arguments: [(java.lang.String) aaa,(java.lang.String) TRTRT123,(java.lang.String) row 1 or column 2 does not exist in xls,(java.lang.String) Security Ans1,(java.lang.String) row 1 or column 4 does not exist in xls,(java.lang.String) F Name1,(java.lang.String) M Name1,(java.lang.String) L Name1,(java.lang.String) row 1 or column 8 does not exist in xls,(java.lang.String) row 1 or column 9 does not exist in xls,(java.lang.String) 25/03/1998,(java.lang.String) row 1 or column 11 does not exist in xls,(java.lang.String) 892484YUT62,(java.lang.String) AABB12345,(java.lang.String) row 1 or column 14 does not exist in xls,(java.lang.String) wuifuiwf@gmail.com,(java.lang.String) row 1 or column 16 does not exist in xls,(java.lang.String) row 1 or column 17 does not exist in xls,(java.lang.String) India,(java.lang.String) Addr1,(java.lang.String) Street1,(java.lang.String) Area1,(java.lang.String) row 1 or column 22 does not exist in xls,(java.lang.String) StateOtr,(java.lang.String) CityOtr,(java.lang.String) PofficeOthr,(java.lang.String) row 1 or column 26 does not exist in xls,(java.lang.String) row 1 or column 27 does not exist in xls,(java.lang.String) A1,(java.lang.String) A2,(java.lang.String) A3,(java.lang.String) Austria,(java.lang.String) row 1 or column 32 does not exist in xls,(java.lang.String) StA,(java.lang.String) CtA,(java.lang.String) POA,(java.lang.String) row 1 or column 36 does not exist in xls,(java.lang.String) row 1 or column 37 does not exist in xls,(java.lang.String) row 1 or column 38 does not exist in xls,(java.lang.String) row 1 or column 39 does not exist in xls]
at org.testng.internal.reflect.DataProviderMethodMatcher.getConformingArguments(DataProviderMethodMatcher.java:45)
at org.testng.internal.Parameters.injectParameters(Parameters.java:796)
at org.testng.internal.Invoker.invokeTestMethods(Invoker.java:982)
at org.testng.internal.TestMethodWorker.invokeTestMethods(TestMethodWorker.java:125)
at org.testng.internal.TestMethodWorker.run(TestMethodWorker.java:109)
at org.testng.TestRunner.privateRun(TestRunner.java:648)
at org.testng.TestRunner.run(TestRunner.java:505)
at org.testng.SuiteRunner.runTest(SuiteRunner.java:455)
at org.testng.SuiteRunner.runSequentially(SuiteRunner.java:450)
at org.testng.SuiteRunner.privateRun(SuiteRunner.java:415)
at org.testng.SuiteRunner.run(SuiteRunner.java:364)
at org.testng.SuiteRunnerWorker.runSuite(SuiteRunnerWorker.java:52)
at org.testng.SuiteRunnerWorker.run(SuiteRunnerWorker.java:84)
at org.testng.TestNG.runSuitesSequentially(TestNG.java:1208)
at org.testng.TestNG.runSuitesLocally(TestNG.java:1137)
at org.testng.TestNG.runSuites(TestNG.java:1049)
at org.testng.TestNG.run(TestNG.java:1017)
at org.testng.remote.AbstractRemoteTestNG.run(AbstractRemoteTestNG.java:114)
at org.testng.remote.RemoteTestNG.initAndRun(RemoteTestNG.java:251)
at org.testng.remote.RemoteTestNG.main(RemoteTestNG.java:77)
]]>
    </error>
  </testcase> <!-- TC01_Verify_Login_Data -->
</testsuite> <!-- myfirsttestpackeage.MyFirstTestNGFile -->
