<?xml version="1.0" encoding="UTF-8"?>
<!-- Generated by org.testng.reporters.JUnitReportReporter -->
<testsuite skipped="0" hostname="HMECL001767" name="pkgUserRegForm.clsUserRegForm" tests="1" failures="0" timestamp="28 Mar 2018 06:07:48 GMT" time="0.016" errors="0">
  <testcase name="f" time="0.016" classname="pkgUserRegForm.clsUserRegForm"/>
</testsuite> <!-- pkgUserRegForm.clsUserRegForm -->
