<?xml version="1.0" encoding="UTF-8"?>
<!-- Generated by org.testng.reporters.JUnitReportReporter -->
<testsuite skipped="0" hostname="HMECL001767" name="myfirsttestpackeage.clsExcelDataExtract" tests="1" failures="0" timestamp="06 Apr 2018 10:33:41 GMT" time="0.012" errors="0">
  <testcase name="TC01_Verify_Login_Data" time="0.012" classname="myfirsttestpackeage.clsExcelDataExtract"/>
</testsuite> <!-- myfirsttestpackeage.clsExcelDataExtract -->
